<?xml version="1.0" encoding="UTF-8"?>
<!-- Generated by org.testng.reporters.JUnitReportReporter -->
<testsuite hostname="DESKTOP-2B2ECNA" failures="0" tests="1" name="flightfinder.flightFinderUcuzaBilet" time="53.776" errors="0" timestamp="21 Haz 2020 13:14:11 GMT" skipped="0">
  <testcase classname="flightfinder.flightFinderUcuzaBilet" name="f" time="53.776"/>
</testsuite> <!-- flightfinder.flightFinderUcuzaBilet -->
