<?xml version="1.0" encoding="UTF-8"?>
<!-- Generated by org.testng.reporters.JUnitReportReporter -->
<testsuite hostname="DESKTOP-2B2ECNA" failures="0" tests="1" name="flightfinderthy.flightfinderthy" time="51.643" errors="0" timestamp="21 Haz 2020 13:06:25 GMT" skipped="0">
  <testcase classname="flightfinderthy.flightfinderthy" name="f" time="51.643"/>
</testsuite> <!-- flightfinderthy.flightfinderthy -->
